<?xml version="1.0" encoding="UTF-8"?>
<!-- Generated by org.testng.reporters.JUnitReportReporter -->
<testsuite hostname="LAPTOP-8UKHKL7O" failures="0" tests="4" name="com.tutorialsninja.qa.LoginTest" time="29.212" errors="0" timestamp="2024-05-28T18:09:12 IST" skipped="0">
  <testcase classname="com.tutorialsninja.qa.LoginTest" name="loginWithBlankCredentials" time="14.989"/>
  <system-out/>
  <testcase classname="com.tutorialsninja.qa.LoginTest" name="loginWithInvalidCredentials" time="4.184"/>
  <system-out/>
  <testcase classname="com.tutorialsninja.qa.LoginTest" name="verifyForgotPassword" time="6.229"/>
  <system-out/>
  <testcase classname="com.tutorialsninja.qa.LoginTest" name="loginWithValidcredentials" time="3.810"/>
  <system-out/>
</testsuite> <!-- com.tutorialsninja.qa.LoginTest -->
