<?xml version="1.0" encoding="UTF-8"?>
<!-- Generated by org.testng.reporters.JUnitReportReporter -->
<testsuite hostname="LAPTOP-8UKHKL7O" failures="0" tests="1" name="com.tutorialsninja.qa.ResisterTest" time="4.972" errors="0" timestamp="2024-05-18T18:21:12 IST" skipped="0">
  <testcase classname="com.tutorialsninja.qa.ResisterTest" name="resisterWithMandatoryField" time="4.972"/>
  <system-out/>
</testsuite> <!-- com.tutorialsninja.qa.ResisterTest -->
